2023-06-10T15:16:10.745Z [right meow!] info: Database is Connected successfully
2023-06-10T15:16:10.755Z [right meow!] info: Example app listening on port 5000
2023-06-10T15:18:04.513Z [right meow!] info: Database is Connected successfully
2023-06-10T15:18:04.580Z [right meow!] info: Example app listening on port 5000
2023-06-10T15:18:20.184Z [right meow!] info: Database is Connected successfully
2023-06-10T15:18:20.195Z [right meow!] info: Example app listening on port 5000
2023-06-10T15:18:31.932Z [right meow!] info: Database is Connected successfully
2023-06-10T15:18:31.948Z [right meow!] info: Example app listening on port 5000
Sat Jun 10 2023 21:19:59 [right meow!] info: Database is Connected successfully
Sat Jun 10 2023 21:19:59 [right meow!] info: Example app listening on port 5000
Sat Jun 10 2023 21:20:37 [right new!] info: Database is Connected successfully
Sat Jun 10 2023 21:20:37 [right new!] info: Example app listening on port 5000
{
  message: 'Database is Connected successfully',
  level: 'info',
  label: 'right new!',
  timestamp: '2023-06-10T15:21:29.093Z'
}
{
  message: 'Example app listening on port 5000',
  level: 'info',
  label: 'right new!',
  timestamp: '2023-06-10T15:21:29.110Z'
}
